d:\visual studio projects\c++\kmdf driver3\kmdf driver3\x64\debug\vc143.pdb
d:\visual studio projects\c++\kmdf driver3\kmdf driver3\x64\debug\testdriver.obj
d:\visual studio projects\c++\kmdf driver3\x64\debug\kmdf driver3\kmdfdriver3.cat
d:\visual studio projects\c++\kmdf driver3\x64\debug\kmdfdriver3.sys
d:\visual studio projects\c++\kmdf driver3\x64\debug\kmdfdriver3.pdb
d:\visual studio projects\c++\kmdf driver3\kmdf driver3\x64\debug\kmdfdriver3.inf
d:\visual studio projects\c++\kmdf driver3\x64\debug\kmdfdriver3.cer
d:\visual studio projects\c++\kmdf driver3\x64\debug\kmdfdriver3.inf
d:\visual studio projects\c++\kmdf driver3\kmdf driver3\x64\debug\kmdf driver3.tlog\cl.command.1.tlog
d:\visual studio projects\c++\kmdf driver3\kmdf driver3\x64\debug\kmdf driver3.tlog\cl.items.tlog
d:\visual studio projects\c++\kmdf driver3\kmdf driver3\x64\debug\kmdf driver3.tlog\cl.read.1.tlog
d:\visual studio projects\c++\kmdf driver3\kmdf driver3\x64\debug\kmdf driver3.tlog\cl.write.1.tlog
d:\visual studio projects\c++\kmdf driver3\kmdf driver3\x64\debug\kmdf driver3.tlog\inf2cat-expand.1040.read.1.tlog
d:\visual studio projects\c++\kmdf driver3\kmdf driver3\x64\debug\kmdf driver3.tlog\inf2cat-expand.1040.write.1.tlog
d:\visual studio projects\c++\kmdf driver3\kmdf driver3\x64\debug\kmdf driver3.tlog\inf2cat-expand.10400.read.1.tlog
d:\visual studio projects\c++\kmdf driver3\kmdf driver3\x64\debug\kmdf driver3.tlog\inf2cat-expand.10400.write.1.tlog
d:\visual studio projects\c++\kmdf driver3\kmdf driver3\x64\debug\kmdf driver3.tlog\inf2cat-expand.10836.read.1.tlog
d:\visual studio projects\c++\kmdf driver3\kmdf driver3\x64\debug\kmdf driver3.tlog\inf2cat-expand.10836.write.1.tlog
d:\visual studio projects\c++\kmdf driver3\kmdf driver3\x64\debug\kmdf driver3.tlog\inf2cat-expand.11880.read.1.tlog
d:\visual studio projects\c++\kmdf driver3\kmdf driver3\x64\debug\kmdf driver3.tlog\inf2cat-expand.11880.write.1.tlog
d:\visual studio projects\c++\kmdf driver3\kmdf driver3\x64\debug\kmdf driver3.tlog\inf2cat-expand.12056.read.1.tlog
d:\visual studio projects\c++\kmdf driver3\kmdf driver3\x64\debug\kmdf driver3.tlog\inf2cat-expand.12056.write.1.tlog
d:\visual studio projects\c++\kmdf driver3\kmdf driver3\x64\debug\kmdf driver3.tlog\inf2cat-expand.1400.read.1.tlog
d:\visual studio projects\c++\kmdf driver3\kmdf driver3\x64\debug\kmdf driver3.tlog\inf2cat-expand.1400.write.1.tlog
d:\visual studio projects\c++\kmdf driver3\kmdf driver3\x64\debug\kmdf driver3.tlog\inf2cat-expand.14144.read.1.tlog
d:\visual studio projects\c++\kmdf driver3\kmdf driver3\x64\debug\kmdf driver3.tlog\inf2cat-expand.14144.write.1.tlog
d:\visual studio projects\c++\kmdf driver3\kmdf driver3\x64\debug\kmdf driver3.tlog\inf2cat-expand.14884.read.1.tlog
d:\visual studio projects\c++\kmdf driver3\kmdf driver3\x64\debug\kmdf driver3.tlog\inf2cat-expand.14884.write.1.tlog
d:\visual studio projects\c++\kmdf driver3\kmdf driver3\x64\debug\kmdf driver3.tlog\inf2cat-expand.17024.read.1.tlog
d:\visual studio projects\c++\kmdf driver3\kmdf driver3\x64\debug\kmdf driver3.tlog\inf2cat-expand.17024.write.1.tlog
d:\visual studio projects\c++\kmdf driver3\kmdf driver3\x64\debug\kmdf driver3.tlog\inf2cat-expand.1904.read.1.tlog
d:\visual studio projects\c++\kmdf driver3\kmdf driver3\x64\debug\kmdf driver3.tlog\inf2cat-expand.1904.write.1.tlog
d:\visual studio projects\c++\kmdf driver3\kmdf driver3\x64\debug\kmdf driver3.tlog\inf2cat-expand.19476.read.1.tlog
d:\visual studio projects\c++\kmdf driver3\kmdf driver3\x64\debug\kmdf driver3.tlog\inf2cat-expand.19476.write.1.tlog
d:\visual studio projects\c++\kmdf driver3\kmdf driver3\x64\debug\kmdf driver3.tlog\inf2cat-expand.19556.read.1.tlog
d:\visual studio projects\c++\kmdf driver3\kmdf driver3\x64\debug\kmdf driver3.tlog\inf2cat-expand.19556.write.1.tlog
d:\visual studio projects\c++\kmdf driver3\kmdf driver3\x64\debug\kmdf driver3.tlog\inf2cat-expand.21768.read.1.tlog
d:\visual studio projects\c++\kmdf driver3\kmdf driver3\x64\debug\kmdf driver3.tlog\inf2cat-expand.21768.write.1.tlog
d:\visual studio projects\c++\kmdf driver3\kmdf driver3\x64\debug\kmdf driver3.tlog\inf2cat-expand.22220.read.1.tlog
d:\visual studio projects\c++\kmdf driver3\kmdf driver3\x64\debug\kmdf driver3.tlog\inf2cat-expand.22220.write.1.tlog
d:\visual studio projects\c++\kmdf driver3\kmdf driver3\x64\debug\kmdf driver3.tlog\inf2cat-expand.22648.read.1.tlog
d:\visual studio projects\c++\kmdf driver3\kmdf driver3\x64\debug\kmdf driver3.tlog\inf2cat-expand.22648.write.1.tlog
d:\visual studio projects\c++\kmdf driver3\kmdf driver3\x64\debug\kmdf driver3.tlog\inf2cat-expand.22680.read.1.tlog
d:\visual studio projects\c++\kmdf driver3\kmdf driver3\x64\debug\kmdf driver3.tlog\inf2cat-expand.22680.write.1.tlog
d:\visual studio projects\c++\kmdf driver3\kmdf driver3\x64\debug\kmdf driver3.tlog\inf2cat-expand.22724.read.1.tlog
d:\visual studio projects\c++\kmdf driver3\kmdf driver3\x64\debug\kmdf driver3.tlog\inf2cat-expand.22724.write.1.tlog
d:\visual studio projects\c++\kmdf driver3\kmdf driver3\x64\debug\kmdf driver3.tlog\inf2cat-expand.23624.read.1.tlog
d:\visual studio projects\c++\kmdf driver3\kmdf driver3\x64\debug\kmdf driver3.tlog\inf2cat-expand.23624.write.1.tlog
d:\visual studio projects\c++\kmdf driver3\kmdf driver3\x64\debug\kmdf driver3.tlog\inf2cat-expand.25104.read.1.tlog
d:\visual studio projects\c++\kmdf driver3\kmdf driver3\x64\debug\kmdf driver3.tlog\inf2cat-expand.25104.write.1.tlog
d:\visual studio projects\c++\kmdf driver3\kmdf driver3\x64\debug\kmdf driver3.tlog\inf2cat-expand.25416.read.1.tlog
d:\visual studio projects\c++\kmdf driver3\kmdf driver3\x64\debug\kmdf driver3.tlog\inf2cat-expand.25416.write.1.tlog
d:\visual studio projects\c++\kmdf driver3\kmdf driver3\x64\debug\kmdf driver3.tlog\inf2cat-expand.25580.read.1.tlog
d:\visual studio projects\c++\kmdf driver3\kmdf driver3\x64\debug\kmdf driver3.tlog\inf2cat-expand.25580.write.1.tlog
d:\visual studio projects\c++\kmdf driver3\kmdf driver3\x64\debug\kmdf driver3.tlog\inf2cat-expand.25712.read.1.tlog
d:\visual studio projects\c++\kmdf driver3\kmdf driver3\x64\debug\kmdf driver3.tlog\inf2cat-expand.25712.write.1.tlog
d:\visual studio projects\c++\kmdf driver3\kmdf driver3\x64\debug\kmdf driver3.tlog\inf2cat-expand.25756.read.1.tlog
d:\visual studio projects\c++\kmdf driver3\kmdf driver3\x64\debug\kmdf driver3.tlog\inf2cat-expand.25756.write.1.tlog
d:\visual studio projects\c++\kmdf driver3\kmdf driver3\x64\debug\kmdf driver3.tlog\inf2cat-expand.25772.read.1.tlog
d:\visual studio projects\c++\kmdf driver3\kmdf driver3\x64\debug\kmdf driver3.tlog\inf2cat-expand.25772.write.1.tlog
d:\visual studio projects\c++\kmdf driver3\kmdf driver3\x64\debug\kmdf driver3.tlog\inf2cat-expand.25988.read.1.tlog
d:\visual studio projects\c++\kmdf driver3\kmdf driver3\x64\debug\kmdf driver3.tlog\inf2cat-expand.25988.write.1.tlog
d:\visual studio projects\c++\kmdf driver3\kmdf driver3\x64\debug\kmdf driver3.tlog\inf2cat-expand.26208.read.1.tlog
d:\visual studio projects\c++\kmdf driver3\kmdf driver3\x64\debug\kmdf driver3.tlog\inf2cat-expand.26208.write.1.tlog
d:\visual studio projects\c++\kmdf driver3\kmdf driver3\x64\debug\kmdf driver3.tlog\inf2cat-expand.26224.read.1.tlog
d:\visual studio projects\c++\kmdf driver3\kmdf driver3\x64\debug\kmdf driver3.tlog\inf2cat-expand.26224.write.1.tlog
d:\visual studio projects\c++\kmdf driver3\kmdf driver3\x64\debug\kmdf driver3.tlog\inf2cat-expand.26244.read.1.tlog
d:\visual studio projects\c++\kmdf driver3\kmdf driver3\x64\debug\kmdf driver3.tlog\inf2cat-expand.26244.write.1.tlog
d:\visual studio projects\c++\kmdf driver3\kmdf driver3\x64\debug\kmdf driver3.tlog\inf2cat-expand.26400.read.1.tlog
d:\visual studio projects\c++\kmdf driver3\kmdf driver3\x64\debug\kmdf driver3.tlog\inf2cat-expand.26400.write.1.tlog
d:\visual studio projects\c++\kmdf driver3\kmdf driver3\x64\debug\kmdf driver3.tlog\inf2cat-expand.26600.read.1.tlog
d:\visual studio projects\c++\kmdf driver3\kmdf driver3\x64\debug\kmdf driver3.tlog\inf2cat-expand.26600.write.1.tlog
d:\visual studio projects\c++\kmdf driver3\kmdf driver3\x64\debug\kmdf driver3.tlog\inf2cat-expand.26636.read.1.tlog
d:\visual studio projects\c++\kmdf driver3\kmdf driver3\x64\debug\kmdf driver3.tlog\inf2cat-expand.26636.write.1.tlog
d:\visual studio projects\c++\kmdf driver3\kmdf driver3\x64\debug\kmdf driver3.tlog\inf2cat-expand.26948.read.1.tlog
d:\visual studio projects\c++\kmdf driver3\kmdf driver3\x64\debug\kmdf driver3.tlog\inf2cat-expand.26948.write.1.tlog
d:\visual studio projects\c++\kmdf driver3\kmdf driver3\x64\debug\kmdf driver3.tlog\inf2cat-expand.27252.read.1.tlog
d:\visual studio projects\c++\kmdf driver3\kmdf driver3\x64\debug\kmdf driver3.tlog\inf2cat-expand.27252.write.1.tlog
d:\visual studio projects\c++\kmdf driver3\kmdf driver3\x64\debug\kmdf driver3.tlog\inf2cat-expand.27300.read.1.tlog
d:\visual studio projects\c++\kmdf driver3\kmdf driver3\x64\debug\kmdf driver3.tlog\inf2cat-expand.27300.write.1.tlog
d:\visual studio projects\c++\kmdf driver3\kmdf driver3\x64\debug\kmdf driver3.tlog\inf2cat-expand.27368.read.1.tlog
d:\visual studio projects\c++\kmdf driver3\kmdf driver3\x64\debug\kmdf driver3.tlog\inf2cat-expand.27368.write.1.tlog
d:\visual studio projects\c++\kmdf driver3\kmdf driver3\x64\debug\kmdf driver3.tlog\inf2cat-expand.27872.read.1.tlog
d:\visual studio projects\c++\kmdf driver3\kmdf driver3\x64\debug\kmdf driver3.tlog\inf2cat-expand.27872.write.1.tlog
d:\visual studio projects\c++\kmdf driver3\kmdf driver3\x64\debug\kmdf driver3.tlog\inf2cat-expand.27980.read.1.tlog
d:\visual studio projects\c++\kmdf driver3\kmdf driver3\x64\debug\kmdf driver3.tlog\inf2cat-expand.27980.write.1.tlog
d:\visual studio projects\c++\kmdf driver3\kmdf driver3\x64\debug\kmdf driver3.tlog\inf2cat-expand.28096.read.1.tlog
d:\visual studio projects\c++\kmdf driver3\kmdf driver3\x64\debug\kmdf driver3.tlog\inf2cat-expand.28096.write.1.tlog
d:\visual studio projects\c++\kmdf driver3\kmdf driver3\x64\debug\kmdf driver3.tlog\inf2cat-expand.28132.read.1.tlog
d:\visual studio projects\c++\kmdf driver3\kmdf driver3\x64\debug\kmdf driver3.tlog\inf2cat-expand.28132.write.1.tlog
d:\visual studio projects\c++\kmdf driver3\kmdf driver3\x64\debug\kmdf driver3.tlog\inf2cat-expand.28348.read.1.tlog
d:\visual studio projects\c++\kmdf driver3\kmdf driver3\x64\debug\kmdf driver3.tlog\inf2cat-expand.28348.write.1.tlog
d:\visual studio projects\c++\kmdf driver3\kmdf driver3\x64\debug\kmdf driver3.tlog\inf2cat-expand.28520.read.1.tlog
d:\visual studio projects\c++\kmdf driver3\kmdf driver3\x64\debug\kmdf driver3.tlog\inf2cat-expand.28520.write.1.tlog
d:\visual studio projects\c++\kmdf driver3\kmdf driver3\x64\debug\kmdf driver3.tlog\inf2cat-expand.28840.read.1.tlog
d:\visual studio projects\c++\kmdf driver3\kmdf driver3\x64\debug\kmdf driver3.tlog\inf2cat-expand.28840.write.1.tlog
d:\visual studio projects\c++\kmdf driver3\kmdf driver3\x64\debug\kmdf driver3.tlog\inf2cat-expand.29032.read.1.tlog
d:\visual studio projects\c++\kmdf driver3\kmdf driver3\x64\debug\kmdf driver3.tlog\inf2cat-expand.29032.write.1.tlog
d:\visual studio projects\c++\kmdf driver3\kmdf driver3\x64\debug\kmdf driver3.tlog\inf2cat-expand.29204.read.1.tlog
d:\visual studio projects\c++\kmdf driver3\kmdf driver3\x64\debug\kmdf driver3.tlog\inf2cat-expand.29204.write.1.tlog
d:\visual studio projects\c++\kmdf driver3\kmdf driver3\x64\debug\kmdf driver3.tlog\inf2cat-expand.29276.read.1.tlog
d:\visual studio projects\c++\kmdf driver3\kmdf driver3\x64\debug\kmdf driver3.tlog\inf2cat-expand.29276.write.1.tlog
d:\visual studio projects\c++\kmdf driver3\kmdf driver3\x64\debug\kmdf driver3.tlog\inf2cat-expand.29288.read.1.tlog
d:\visual studio projects\c++\kmdf driver3\kmdf driver3\x64\debug\kmdf driver3.tlog\inf2cat-expand.29288.write.1.tlog
d:\visual studio projects\c++\kmdf driver3\kmdf driver3\x64\debug\kmdf driver3.tlog\inf2cat-expand.29336.read.1.tlog
d:\visual studio projects\c++\kmdf driver3\kmdf driver3\x64\debug\kmdf driver3.tlog\inf2cat-expand.29336.write.1.tlog
d:\visual studio projects\c++\kmdf driver3\kmdf driver3\x64\debug\kmdf driver3.tlog\inf2cat-expand.29364.read.1.tlog
d:\visual studio projects\c++\kmdf driver3\kmdf driver3\x64\debug\kmdf driver3.tlog\inf2cat-expand.29364.write.1.tlog
d:\visual studio projects\c++\kmdf driver3\kmdf driver3\x64\debug\kmdf driver3.tlog\inf2cat-expand.29456.read.1.tlog
d:\visual studio projects\c++\kmdf driver3\kmdf driver3\x64\debug\kmdf driver3.tlog\inf2cat-expand.29456.write.1.tlog
d:\visual studio projects\c++\kmdf driver3\kmdf driver3\x64\debug\kmdf driver3.tlog\inf2cat-expand.29496.read.1.tlog
d:\visual studio projects\c++\kmdf driver3\kmdf driver3\x64\debug\kmdf driver3.tlog\inf2cat-expand.29496.write.1.tlog
d:\visual studio projects\c++\kmdf driver3\kmdf driver3\x64\debug\kmdf driver3.tlog\inf2cat-expand.29560.read.1.tlog
d:\visual studio projects\c++\kmdf driver3\kmdf driver3\x64\debug\kmdf driver3.tlog\inf2cat-expand.29560.write.1.tlog
d:\visual studio projects\c++\kmdf driver3\kmdf driver3\x64\debug\kmdf driver3.tlog\inf2cat-expand.29732.read.1.tlog
d:\visual studio projects\c++\kmdf driver3\kmdf driver3\x64\debug\kmdf driver3.tlog\inf2cat-expand.29732.write.1.tlog
d:\visual studio projects\c++\kmdf driver3\kmdf driver3\x64\debug\kmdf driver3.tlog\inf2cat-expand.29764.read.1.tlog
d:\visual studio projects\c++\kmdf driver3\kmdf driver3\x64\debug\kmdf driver3.tlog\inf2cat-expand.29764.write.1.tlog
d:\visual studio projects\c++\kmdf driver3\kmdf driver3\x64\debug\kmdf driver3.tlog\inf2cat-expand.29840.read.1.tlog
d:\visual studio projects\c++\kmdf driver3\kmdf driver3\x64\debug\kmdf driver3.tlog\inf2cat-expand.29840.write.1.tlog
d:\visual studio projects\c++\kmdf driver3\kmdf driver3\x64\debug\kmdf driver3.tlog\inf2cat-expand.29880.read.1.tlog
d:\visual studio projects\c++\kmdf driver3\kmdf driver3\x64\debug\kmdf driver3.tlog\inf2cat-expand.29880.write.1.tlog
d:\visual studio projects\c++\kmdf driver3\kmdf driver3\x64\debug\kmdf driver3.tlog\inf2cat-expand.30384.read.1.tlog
d:\visual studio projects\c++\kmdf driver3\kmdf driver3\x64\debug\kmdf driver3.tlog\inf2cat-expand.30384.write.1.tlog
d:\visual studio projects\c++\kmdf driver3\kmdf driver3\x64\debug\kmdf driver3.tlog\inf2cat-expand.30468.read.1.tlog
d:\visual studio projects\c++\kmdf driver3\kmdf driver3\x64\debug\kmdf driver3.tlog\inf2cat-expand.30468.write.1.tlog
d:\visual studio projects\c++\kmdf driver3\kmdf driver3\x64\debug\kmdf driver3.tlog\inf2cat-expand.30512.read.1.tlog
d:\visual studio projects\c++\kmdf driver3\kmdf driver3\x64\debug\kmdf driver3.tlog\inf2cat-expand.30512.write.1.tlog
d:\visual studio projects\c++\kmdf driver3\kmdf driver3\x64\debug\kmdf driver3.tlog\inf2cat-expand.30540.read.1.tlog
d:\visual studio projects\c++\kmdf driver3\kmdf driver3\x64\debug\kmdf driver3.tlog\inf2cat-expand.30540.write.1.tlog
d:\visual studio projects\c++\kmdf driver3\kmdf driver3\x64\debug\kmdf driver3.tlog\inf2cat-expand.30896.read.1.tlog
d:\visual studio projects\c++\kmdf driver3\kmdf driver3\x64\debug\kmdf driver3.tlog\inf2cat-expand.30896.write.1.tlog
d:\visual studio projects\c++\kmdf driver3\kmdf driver3\x64\debug\kmdf driver3.tlog\inf2cat-expand.30960.read.1.tlog
d:\visual studio projects\c++\kmdf driver3\kmdf driver3\x64\debug\kmdf driver3.tlog\inf2cat-expand.30960.write.1.tlog
d:\visual studio projects\c++\kmdf driver3\kmdf driver3\x64\debug\kmdf driver3.tlog\inf2cat-expand.31004.read.1.tlog
d:\visual studio projects\c++\kmdf driver3\kmdf driver3\x64\debug\kmdf driver3.tlog\inf2cat-expand.31004.write.1.tlog
d:\visual studio projects\c++\kmdf driver3\kmdf driver3\x64\debug\kmdf driver3.tlog\inf2cat-expand.31228.read.1.tlog
d:\visual studio projects\c++\kmdf driver3\kmdf driver3\x64\debug\kmdf driver3.tlog\inf2cat-expand.31228.write.1.tlog
d:\visual studio projects\c++\kmdf driver3\kmdf driver3\x64\debug\kmdf driver3.tlog\inf2cat-expand.31588.read.1.tlog
d:\visual studio projects\c++\kmdf driver3\kmdf driver3\x64\debug\kmdf driver3.tlog\inf2cat-expand.31588.write.1.tlog
d:\visual studio projects\c++\kmdf driver3\kmdf driver3\x64\debug\kmdf driver3.tlog\inf2cat-expand.31720.read.1.tlog
d:\visual studio projects\c++\kmdf driver3\kmdf driver3\x64\debug\kmdf driver3.tlog\inf2cat-expand.31720.write.1.tlog
d:\visual studio projects\c++\kmdf driver3\kmdf driver3\x64\debug\kmdf driver3.tlog\inf2cat-expand.31996.read.1.tlog
d:\visual studio projects\c++\kmdf driver3\kmdf driver3\x64\debug\kmdf driver3.tlog\inf2cat-expand.31996.write.1.tlog
d:\visual studio projects\c++\kmdf driver3\kmdf driver3\x64\debug\kmdf driver3.tlog\inf2cat-expand.32200.read.1.tlog
d:\visual studio projects\c++\kmdf driver3\kmdf driver3\x64\debug\kmdf driver3.tlog\inf2cat-expand.32200.write.1.tlog
d:\visual studio projects\c++\kmdf driver3\kmdf driver3\x64\debug\kmdf driver3.tlog\inf2cat-expand.33132.read.1.tlog
d:\visual studio projects\c++\kmdf driver3\kmdf driver3\x64\debug\kmdf driver3.tlog\inf2cat-expand.33132.write.1.tlog
d:\visual studio projects\c++\kmdf driver3\kmdf driver3\x64\debug\kmdf driver3.tlog\inf2cat-expand.33216.read.1.tlog
d:\visual studio projects\c++\kmdf driver3\kmdf driver3\x64\debug\kmdf driver3.tlog\inf2cat-expand.33216.write.1.tlog
d:\visual studio projects\c++\kmdf driver3\kmdf driver3\x64\debug\kmdf driver3.tlog\inf2cat-expand.33280.read.1.tlog
d:\visual studio projects\c++\kmdf driver3\kmdf driver3\x64\debug\kmdf driver3.tlog\inf2cat-expand.33280.write.1.tlog
d:\visual studio projects\c++\kmdf driver3\kmdf driver3\x64\debug\kmdf driver3.tlog\inf2cat-expand.33948.read.1.tlog
d:\visual studio projects\c++\kmdf driver3\kmdf driver3\x64\debug\kmdf driver3.tlog\inf2cat-expand.33948.write.1.tlog
d:\visual studio projects\c++\kmdf driver3\kmdf driver3\x64\debug\kmdf driver3.tlog\inf2cat-expand.34748.read.1.tlog
d:\visual studio projects\c++\kmdf driver3\kmdf driver3\x64\debug\kmdf driver3.tlog\inf2cat-expand.34748.write.1.tlog
d:\visual studio projects\c++\kmdf driver3\kmdf driver3\x64\debug\kmdf driver3.tlog\inf2cat-expand.34756.read.1.tlog
d:\visual studio projects\c++\kmdf driver3\kmdf driver3\x64\debug\kmdf driver3.tlog\inf2cat-expand.34756.write.1.tlog
d:\visual studio projects\c++\kmdf driver3\kmdf driver3\x64\debug\kmdf driver3.tlog\inf2cat-expand.34776.read.1.tlog
d:\visual studio projects\c++\kmdf driver3\kmdf driver3\x64\debug\kmdf driver3.tlog\inf2cat-expand.34776.write.1.tlog
d:\visual studio projects\c++\kmdf driver3\kmdf driver3\x64\debug\kmdf driver3.tlog\inf2cat-expand.4060.read.1.tlog
d:\visual studio projects\c++\kmdf driver3\kmdf driver3\x64\debug\kmdf driver3.tlog\inf2cat-expand.4060.write.1.tlog
d:\visual studio projects\c++\kmdf driver3\kmdf driver3\x64\debug\kmdf driver3.tlog\inf2cat-expand.4644.read.1.tlog
d:\visual studio projects\c++\kmdf driver3\kmdf driver3\x64\debug\kmdf driver3.tlog\inf2cat-expand.4644.write.1.tlog
d:\visual studio projects\c++\kmdf driver3\kmdf driver3\x64\debug\kmdf driver3.tlog\inf2cat-expand.5920.read.1.tlog
d:\visual studio projects\c++\kmdf driver3\kmdf driver3\x64\debug\kmdf driver3.tlog\inf2cat-expand.5920.write.1.tlog
d:\visual studio projects\c++\kmdf driver3\kmdf driver3\x64\debug\kmdf driver3.tlog\inf2cat-expand.6980.read.1.tlog
d:\visual studio projects\c++\kmdf driver3\kmdf driver3\x64\debug\kmdf driver3.tlog\inf2cat-expand.6980.write.1.tlog
d:\visual studio projects\c++\kmdf driver3\kmdf driver3\x64\debug\kmdf driver3.tlog\inf2cat-expand.8000.read.1.tlog
d:\visual studio projects\c++\kmdf driver3\kmdf driver3\x64\debug\kmdf driver3.tlog\inf2cat-expand.8000.write.1.tlog
d:\visual studio projects\c++\kmdf driver3\kmdf driver3\x64\debug\kmdf driver3.tlog\inf2cat-expand.read.1.tlog
d:\visual studio projects\c++\kmdf driver3\kmdf driver3\x64\debug\kmdf driver3.tlog\inf2cat-expand.write.1.tlog
d:\visual studio projects\c++\kmdf driver3\kmdf driver3\x64\debug\kmdf driver3.tlog\inf2cat.command.1.tlog
d:\visual studio projects\c++\kmdf driver3\kmdf driver3\x64\debug\kmdf driver3.tlog\inf2cat.read.1.tlog
d:\visual studio projects\c++\kmdf driver3\kmdf driver3\x64\debug\kmdf driver3.tlog\inf2cat.write.1.tlog
d:\visual studio projects\c++\kmdf driver3\kmdf driver3\x64\debug\kmdf driver3.tlog\link.command.1.tlog
d:\visual studio projects\c++\kmdf driver3\kmdf driver3\x64\debug\kmdf driver3.tlog\link.read.1.tlog
d:\visual studio projects\c++\kmdf driver3\kmdf driver3\x64\debug\kmdf driver3.tlog\link.secondary.1.tlog
d:\visual studio projects\c++\kmdf driver3\kmdf driver3\x64\debug\kmdf driver3.tlog\link.write.1.tlog
d:\visual studio projects\c++\kmdf driver3\kmdf driver3\x64\debug\kmdf driver3.tlog\signtool.command.1.tlog
d:\visual studio projects\c++\kmdf driver3\kmdf driver3\x64\debug\kmdf driver3.tlog\signtool.read.1.tlog
d:\visual studio projects\c++\kmdf driver3\kmdf driver3\x64\debug\kmdf driver3.tlog\signtool.timestamp.1.tlog
d:\visual studio projects\c++\kmdf driver3\kmdf driver3\x64\debug\kmdf driver3.tlog\signtool.write.1.tlog
d:\visual studio projects\c++\kmdf driver3\kmdf driver3\x64\debug\kmdf driver3.tlog\stampinf.command.1.tlog
d:\visual studio projects\c++\kmdf driver3\kmdf driver3\x64\debug\kmdf driver3.tlog\stampinf.read.1.tlog
d:\visual studio projects\c++\kmdf driver3\kmdf driver3\x64\debug\kmdf driver3.tlog\stampinf.write.1.tlog
